Model initialized.
Fit Model "BAO Correlation Model" has initial parameters:
                beta =     1.400000
       (1+beta)*bias =    -0.336000
       BAO amplitude =     1.000000 +/-     0.150000 $    1.00 \pm 0.15 $
       BAO alpha-iso =     1.000000 +/-     0.020000 $  1.000 \pm 0.020 $ box prior @ (0.85,1.15)
  BAO alpha-parallel =     1.000000
      BAO alpha-perp =     1.000000
          gamma-bias =     3.800000
          gamma-beta =     0.000000
         gamma-scale =     0.000000 +/-     0.500000 $      0.0 \pm 0.5 $ gauss prior @ (-0.5,0.5)
          BBand1 xio =     0.000000
           BBand1 a0 =     0.000000
           BBand1 a1 =     0.000000
           BBand1 a2 =     0.000000
   BBand2 mono const =     0.000000 +/-     0.000100 $ 0.00000 \pm 0.00010 $
   BBand2 quad const =     0.000000 +/-     0.000100 $ 0.00000 \pm 0.00010 $
   BBand2 hexa const =     0.000000 +/-     0.000100 $ 0.00000 \pm 0.00010 $
     BBand2 mono 1/r =     0.000000 +/-     0.010000 $  0.000 \pm 0.010 $
     BBand2 quad 1/r =     0.000000 +/-     0.020000 $  0.000 \pm 0.020 $
     BBand2 hexa 1/r =     0.000000 +/-     0.040000 $    0.00 \pm 0.04 $
 BBand2 mono 1/(r*r) =     0.000000 +/-     0.600000 $      0.0 \pm 0.6 $
 BBand2 quad 1/(r*r) =     0.000000 +/-     1.200000 $      0.0 \pm 1.2 $
 BBand2 hexa 1/(r*r) =     0.000000 +/-     2.400000 $      0.0 \pm 2.4 $

Reference redshift = 2.25
Using isotropic BAO scales.
Read 1090 of 1674 data values from ../demo/Aln2.data
Read 39486 of 594595 covariance values from ../demo/Aln2.icov
Combined data has 845 (1090) bins with data after (before) finalizing.

Results of combined fit: chiSquare / dof = 813.384 / (845-12), prob = 0.671277, log(det(Covariance)) = -18783

FMIN Value =   406.691910 at:
                beta =     1.400000
       (1+beta)*bias =    -0.336000
       BAO amplitude =     1.078489 +/-     0.068531 $    1.08 \pm 0.07 $
       BAO alpha-iso =     1.003152 +/-     0.006552 $  1.003 \pm 0.007 $ box prior @ (0.85,1.15)
  BAO alpha-parallel =     1.000000
      BAO alpha-perp =     1.000000
          gamma-bias =     3.800000
          gamma-beta =     0.000000
         gamma-scale =     0.017670 +/-     0.081045 $    0.02 \pm 0.08 $ gauss prior @ (-0.5,0.5)
          BBand1 xio =     0.000000
           BBand1 a0 =     0.000000
           BBand1 a1 =     0.000000
           BBand1 a2 =     0.000000
   BBand2 mono const =    -0.000870 +/-     0.000402 $ -0.0009 \pm 0.0004 $
   BBand2 quad const =     0.000443 +/-     0.000354 $ 0.00044 \pm 0.00035 $
   BBand2 hexa const =     0.001538 +/-     0.001857 $ 0.0015 \pm 0.0019 $
     BBand2 mono 1/r =     0.105147 +/-     0.064700 $    0.11 \pm 0.06 $
     BBand2 quad 1/r =    -0.024495 +/-     0.047773 $   -0.02 \pm 0.05 $
     BBand2 hexa 1/r =    -0.204628 +/-     0.312409 $   -0.20 \pm 0.31 $
 BBand2 mono 1/(r*r) =    -2.801097 +/-     1.970211 $     -2.8 \pm 2.0 $
 BBand2 quad 1/(r*r) =     0.043459 +/-     1.843936 $      0.0 \pm 1.8 $
 BBand2 hexa 1/(r*r) =     6.169641 +/-    12.776595 $         6 \pm 13 $

Number of function evaluations used: 614

FMIN Errors & Correlations =
       BAO amplitude :     0.068531
       BAO alpha-iso :     0.084526     0.006552
         gamma-scale :    -0.043361    -0.642593     0.081045
   BBand2 mono const :    -0.130806     0.124375    -0.005185     0.000402
   BBand2 quad const :     0.371279    -0.113836     0.000765    -0.773215     0.000354
   BBand2 hexa const :     0.079498    -0.049101     0.016965    -0.556556     0.330700     0.001857
     BBand2 mono 1/r :     0.125382    -0.136665     0.006829    -0.927433     0.846116     0.563321     0.064700
     BBand2 quad 1/r :    -0.386186     0.095457    -0.000996     0.463328    -0.881164     0.034108    -0.536428     0.047773
     BBand2 hexa 1/r :    -0.079659     0.043951    -0.016231     0.492737    -0.311305    -0.977035    -0.503077     0.000060     0.312409
 BBand2 mono 1/(r*r) :    -0.089774     0.144018    -0.009797     0.891990    -0.856419    -0.456044    -0.978270     0.615607     0.418060     1.970211
 BBand2 quad 1/(r*r) :     0.351937    -0.079381     0.001683    -0.256204     0.729990    -0.230865     0.319755    -0.961117     0.185198    -0.421500     1.843936
 BBand2 hexa 1/(r*r) :     0.074677    -0.038125     0.014713    -0.429046     0.279450     0.927905     0.440175    -0.013080    -0.983284    -0.371182    -0.155904    12.776595

     BAO alpha-iso(zeff = 2.423) = 1.004 +/- 0.005
